{
  "stats": {
    "suites": 1,
    "tests": 3,
    "passes": 2,
    "pending": 0,
    "failures": 1,
    "start": "2018-04-04T21:27:21.214Z",
    "end": "2018-04-04T21:28:32.022Z",
    "duration": 70808,
    "testsRegistered": 3,
    "passPercent": 66.7,
    "pendingPercent": 0,
    "other": 0,
    "hasOther": false,
    "skipped": 0,
    "hasSkipped": false,
    "passPercentClass": "warning",
    "pendingPercentClass": "danger"
  },
  "suites": {
    "uuid": "5ce9c13d-b084-4f25-a18c-b694edfdb02b",
    "title": "",
    "fullFile": "",
    "file": "",
    "beforeHooks": [],
    "afterHooks": [],
    "tests": [],
    "suites": [
      {
        "uuid": "841362ed-3b5c-4721-a0df-3dc4c466ed32",
        "title": "CCD login logout & feedback functionality",
        "fullFile": "/Users/roopa/Documents/Work/codecept/codecept/paths/happyPath.js",
        "file": "/paths/happyPath.js",
        "beforeHooks": [
          {
            "title": "\"before all\" hook: codeceptjs.beforeSuite",
            "fullTitle": "CCD login logout & feedback functionality \"before all\" hook: codeceptjs.beforeSuite",
            "timedOut": false,
            "duration": 1806,
            "pass": false,
            "fail": false,
            "pending": false,
            "code": "scenario.suiteSetup(suite)",
            "err": {},
            "isRoot": false,
            "uuid": "ba3b4f84-b746-48a6-a25e-ea0b10c89d6a",
            "isHook": true,
            "skipped": false
          },
          {
            "title": "\"before each\" hook: codeceptjs.before",
            "fullTitle": "CCD login logout & feedback functionality \"before each\" hook: codeceptjs.before",
            "timedOut": false,
            "duration": 0,
            "pass": false,
            "fail": false,
            "pending": false,
            "code": "scenario.setup(suite)",
            "err": {},
            "isRoot": false,
            "uuid": "87d55464-089b-488d-aff3-d387e136ba1e",
            "isHook": true,
            "skipped": false
          },
          {
            "title": "\"before each\" hook: Before",
            "fullTitle": "CCD login logout & feedback functionality \"before each\" hook: Before",
            "timedOut": false,
            "duration": 11056,
            "pass": false,
            "fail": false,
            "pending": false,
            "code": "I.amOnPage('/');\n    browser.ignoreSynchronization = true;\n    browser.waitForAngular();\n    I.wait(10);",
            "err": {},
            "isRoot": false,
            "uuid": "0b22725d-1064-454f-84d8-ad67b836fb55",
            "isHook": true,
            "skipped": false
          }
        ],
        "afterHooks": [
          {
            "title": "\"after all\" hook: codeceptjs.afterSuite",
            "fullTitle": "CCD login logout & feedback functionality \"after all\" hook: codeceptjs.afterSuite",
            "timedOut": false,
            "duration": 0,
            "pass": false,
            "fail": false,
            "pending": false,
            "code": "scenario.suiteTeardown(suite)",
            "err": {},
            "isRoot": false,
            "uuid": "9efd1fd5-c703-425b-af93-c58c1686b2f4",
            "isHook": true,
            "skipped": false
          },
          {
            "title": "\"after each\" hook: finalize codeceptjs",
            "fullTitle": "CCD login logout & feedback functionality \"after each\" hook: finalize codeceptjs",
            "timedOut": false,
            "duration": 37,
            "pass": false,
            "fail": false,
            "pending": false,
            "code": "scenario.teardown(suite)",
            "err": {},
            "isRoot": false,
            "uuid": "33e21ed9-dff4-4433-9a8a-7fdfb828d03a",
            "isHook": true,
            "skipped": false
          }
        ],
        "tests": [
          {
            "title": "ccd Signin & Signout",
            "fullTitle": "CCD login logout & feedback functionality: ccd Signin & Signout",
            "timedOut": false,
            "duration": 704,
            "state": "failed",
            "pass": false,
            "fail": true,
            "pending": false,
            "code": "I.signInAndSignOut();",
            "err": {
              "message": "Error: expected url of current page \"/?response_type=code&client_id=ccd_gateway&redirect_uri=https%3A%2F%2Fcase-worker-web.dev.ccd.reform.hmcts.net%2Foauth2redirect\" to equal \"https://idam.dev.ccidam.reform.hmcts.net/login?response_type=code&client_id=ccd_gateway&redirect_uri=https%3A%2F%2Fcase-worker-web.dev.ccd.reform.hmcts.net%2Foauth2redirect\"",
              "estack": "expected url of current page \"/?response_type=code&client_id=ccd_gateway&redirect_uri=https%3A%2F%2Fcase-worker-web.dev.ccd.reform.hmcts.net%2Foauth2redirect\" to equal \"https://idam.dev.ccidam.reform.hmcts.net/login?response_type=code&client_id=ccd_gateway&redirect_uri=https%3A%2F%2Fcase-worker-web.dev.ccd.reform.hmcts.net%2Foauth2redirect\"\n\nScenario Steps:\n\n- I.seeCurrentUrlEquals(\"/?response_type=code&client_id=ccd_gateway&redirect_uri=https%3A%2F%2Fcase-worker-web.dev.ccd.reform.hmcts.net%2Foauth2redirect\") at Object.module.exports [as signInAndSignOut] (pages/signin/signIn.js:6:7)\n\n"
            },
            "isRoot": false,
            "uuid": "97c4b97b-cfaa-40b8-bbe5-af78f5f9387c",
            "isHook": false,
            "skipped": false
          },
          {
            "title": "Invalid Signin",
            "fullTitle": "CCD login logout & feedback functionality: Invalid Signin",
            "timedOut": false,
            "duration": 6117,
            "state": "passed",
            "speed": "slow",
            "pass": true,
            "fail": false,
            "pending": false,
            "code": "I.inValidSignIn();",
            "err": {},
            "isRoot": false,
            "uuid": "02496e0b-a8e4-457d-ba54-95b32c0882b2",
            "isHook": false,
            "skipped": false
          },
          {
            "title": "feedback",
            "fullTitle": "CCD login logout & feedback functionality: feedback",
            "timedOut": false,
            "duration": 23981,
            "state": "passed",
            "speed": "slow",
            "pass": true,
            "fail": false,
            "pending": false,
            "code": "I.feedback();",
            "err": {},
            "isRoot": false,
            "uuid": "e00bcee6-2d76-430e-b7cd-63b3ebecdf48",
            "isHook": false,
            "skipped": false
          }
        ],
        "suites": [],
        "passes": [
          "02496e0b-a8e4-457d-ba54-95b32c0882b2",
          "e00bcee6-2d76-430e-b7cd-63b3ebecdf48"
        ],
        "failures": [
          "97c4b97b-cfaa-40b8-bbe5-af78f5f9387c"
        ],
        "pending": [],
        "skipped": [],
        "duration": 30802,
        "root": false,
        "rootEmpty": false,
        "_timeout": 0
      }
    ],
    "passes": [],
    "failures": [],
    "pending": [],
    "skipped": [],
    "duration": 0,
    "root": true,
    "rootEmpty": true,
    "_timeout": 0
  },
  "copyrightYear": 2018
}