{
  "stats": {
    "suites": 1,
    "tests": 3,
    "passes": 3,
    "pending": 0,
    "failures": 0,
    "start": "2018-04-04T11:47:52.761Z",
    "end": "2018-04-04T11:49:04.286Z",
    "duration": 71525,
    "testsRegistered": 3,
    "passPercent": 100,
    "pendingPercent": 0,
    "other": 0,
    "hasOther": false,
    "skipped": 0,
    "hasSkipped": false,
    "passPercentClass": "success",
    "pendingPercentClass": "danger"
  },
  "suites": {
    "uuid": "661d5188-95e9-4709-b3c7-0ac7446fa6f3",
    "title": "",
    "fullFile": "",
    "file": "",
    "beforeHooks": [],
    "afterHooks": [],
    "tests": [],
    "suites": [
      {
        "uuid": "be833f94-8edf-43fb-8532-5fde7041b9b5",
        "title": "CCD login logout & feedback functionality",
        "fullFile": "/Users/roopa/Documents/Work/codecept/codecept/paths/happyPath.js",
        "file": "/paths/happyPath.js",
        "beforeHooks": [
          {
            "title": "\"before all\" hook: codeceptjs.beforeSuite",
            "fullTitle": "CCD login logout & feedback functionality \"before all\" hook: codeceptjs.beforeSuite",
            "timedOut": false,
            "duration": 2811,
            "pass": false,
            "fail": false,
            "pending": false,
            "code": "scenario.suiteSetup(suite)",
            "err": {},
            "isRoot": false,
            "uuid": "35831264-da48-4129-9ffe-93ea08e5bf2b",
            "isHook": true,
            "skipped": false
          },
          {
            "title": "\"before each\" hook: codeceptjs.before",
            "fullTitle": "CCD login logout & feedback functionality \"before each\" hook: codeceptjs.before",
            "timedOut": false,
            "duration": 0,
            "pass": false,
            "fail": false,
            "pending": false,
            "code": "scenario.setup(suite)",
            "err": {},
            "isRoot": false,
            "uuid": "f0b88c40-0c3d-49c5-bf8b-08bb0a7c0a72",
            "isHook": true,
            "skipped": false
          }
        ],
        "afterHooks": [
          {
            "title": "\"after all\" hook: codeceptjs.afterSuite",
            "fullTitle": "CCD login logout & feedback functionality \"after all\" hook: codeceptjs.afterSuite",
            "timedOut": false,
            "duration": 0,
            "pass": false,
            "fail": false,
            "pending": false,
            "code": "scenario.suiteTeardown(suite)",
            "err": {},
            "isRoot": false,
            "uuid": "c307eb67-ea0c-4aea-beaa-42c01f98faa3",
            "isHook": true,
            "skipped": false
          },
          {
            "title": "\"after each\" hook: finalize codeceptjs",
            "fullTitle": "CCD login logout & feedback functionality \"after each\" hook: finalize codeceptjs",
            "timedOut": false,
            "duration": 48,
            "pass": false,
            "fail": false,
            "pending": false,
            "code": "scenario.teardown(suite)",
            "err": {},
            "isRoot": false,
            "uuid": "7b03e445-402d-4b17-be35-4ceed93344f3",
            "isHook": true,
            "skipped": false
          }
        ],
        "tests": [
          {
            "title": "ccd Signin & Signout",
            "fullTitle": "CCD login logout & feedback functionality: ccd Signin & Signout",
            "timedOut": false,
            "duration": 25301,
            "state": "passed",
            "speed": "slow",
            "pass": true,
            "fail": false,
            "pending": false,
            "code": "I.amOnPage(\"/\");\n    browser.ignoreSynchronization = true;\n    browser.waitForAngular();\n    browser.sleep(500);\n    I.wait(10);\n    I.fillField(\"#username\", \"nybgul@gmail.com\");\n    I.fillField(\"#password\", 'Monday01');\n    I.click('Sign in');\n    I.wait(10);\n    I.see('Case List', 'h1');\n    I.click('button.dropbtn');\n    I.click('Sign Out');\n    I.see('Your session has been closed', 'h1.heading-large');\n    I.see('You have succesfully logged out and this window can now be closed.', 'p.lede');",
            "err": {},
            "isRoot": false,
            "uuid": "3dc4dc95-27ea-4f2f-ae7b-25a14d5f0507",
            "isHook": false,
            "skipped": false
          },
          {
            "title": "Invalid Signin",
            "fullTitle": "CCD login logout & feedback functionality: Invalid Signin",
            "timedOut": false,
            "duration": 11414,
            "state": "passed",
            "speed": "slow",
            "pass": true,
            "fail": false,
            "pending": false,
            "code": "I.amOnPage(\"/\");\n    browser.ignoreSynchronization = true;\n    browser.waitForAngular();\n    browser.sleep(500);\n    I.wait(10);\n    I.fillField(\"#username\", \"testccd@gmail.com\");\n    I.fillField(\"#password\", 'Monda567');\n    I.click('Sign in');\n    I.seeElement('.error-summary');\n    I.see('Incorrect email/password combination', 'h3#failure-error-summary-heading');\n    I.see('Please check your email address and password and try again:', '.error-summary > p');\n    I.dontSee('Sign Out');",
            "err": {},
            "isRoot": false,
            "uuid": "ce5dd6a8-067b-47b3-81a6-75cc13cee227",
            "isHook": false,
            "skipped": false
          },
          {
            "title": "feedback",
            "fullTitle": "CCD login logout & feedback functionality: feedback",
            "timedOut": false,
            "duration": 31862,
            "state": "passed",
            "speed": "slow",
            "pass": true,
            "fail": false,
            "pending": false,
            "code": "I.amOnPage(\"/\");\n    browser.ignoreSynchronization = true;\n    browser.waitForAngular();\n    browser.sleep(500);\n    I.wait(10);\n    I.click('feedback');\n    I.wait(10);\n    I.amOnPage(\"http://www.smartsurvey.co.uk/s/58DYD/\");\n    I.seeElement('div.tLogo > img');\n    I.see('Help us improve this service', 'h1.ss-survey-title');\n    I.click('input#o540869344974458');\n    I.fillField('#t44943949', 'test');\n    I.click('input#cmdGo');\n    I.wait(10);\n    I.see('Thank you for your feedback', 'h2');",
            "err": {},
            "isRoot": false,
            "uuid": "0fec3b52-e204-4bba-bfb2-07be6af52440",
            "isHook": false,
            "skipped": false
          }
        ],
        "suites": [],
        "passes": [
          "3dc4dc95-27ea-4f2f-ae7b-25a14d5f0507",
          "ce5dd6a8-067b-47b3-81a6-75cc13cee227",
          "0fec3b52-e204-4bba-bfb2-07be6af52440"
        ],
        "failures": [],
        "pending": [],
        "skipped": [],
        "duration": 68577,
        "root": false,
        "rootEmpty": false,
        "_timeout": 0
      }
    ],
    "passes": [],
    "failures": [],
    "pending": [],
    "skipped": [],
    "duration": 0,
    "root": true,
    "rootEmpty": true,
    "_timeout": 0
  },
  "copyrightYear": 2018
}